Error happened on: Wed Aug 26 14:54:28 CEST 2020-------------- Failed Components -------------- 
1. Process
-------------- Stack Traces -------------- 
org.apache.uima.analysis_engine.AnalysisEngineProcessException: Annotator processing failed.    
	at org.apache.uima.analysis_engine.impl.PrimitiveAnalysisEngine_impl.callAnalysisComponentProcess(PrimitiveAnalysisEngine_impl.java:427)
	at org.apache.uima.analysis_engine.impl.PrimitiveAnalysisEngine_impl.innerCall(PrimitiveAnalysisEngine_impl.java:329)
	at org.apache.uima.analysis_engine.impl.PrimitiveAnalysisEngine_impl.processAndOutputNewCASes(PrimitiveAnalysisEngine_impl.java:321)
	at org.apache.uima.analysis_engine.asb.impl.ASB_impl$AggregateCasIterator.processUntilNextOutputCas(ASB_impl.java:570)
	at org.apache.uima.analysis_engine.asb.impl.ASB_impl$AggregateCasIterator.<init>(ASB_impl.java:412)
	at org.apache.uima.analysis_engine.asb.impl.ASB_impl.process(ASB_impl.java:344)
	at org.apache.uima.analysis_engine.impl.AggregateAnalysisEngine_impl.processAndOutputNewCASes(AggregateAnalysisEngine_impl.java:271)
	at org.apache.uima.analysis_engine.asb.impl.ASB_impl$AggregateCasIterator.processUntilNextOutputCas(ASB_impl.java:570)
	at org.apache.uima.analysis_engine.asb.impl.ASB_impl$AggregateCasIterator.<init>(ASB_impl.java:412)
	at org.apache.uima.analysis_engine.asb.impl.ASB_impl.process(ASB_impl.java:344)
	at org.apache.uima.analysis_engine.impl.AggregateAnalysisEngine_impl.processAndOutputNewCASes(AggregateAnalysisEngine_impl.java:271)
	at org.apache.uima.analysis_engine.impl.AnalysisEngineImplBase.process(AnalysisEngineImplBase.java:269)
	at org.apache.uima.collection.impl.cpm.engine.ProcessingUnit.processNext(ProcessingUnit.java:902)
	at org.apache.uima.collection.impl.cpm.engine.ProcessingUnit.run(ProcessingUnit.java:575)
Caused by: com.google.common.util.concurrent.UncheckedExecutionException: org.apache.lucene.search.BooleanQuery$TooManyClauses: maxClauseCount is set to 1024
	at com.google.common.cache.LocalCache$Segment.get(LocalCache.java:2051)
	at com.google.common.cache.LocalCache.get(LocalCache.java:3953)
	at com.google.common.cache.LocalCache.getOrLoad(LocalCache.java:3976)
	at com.google.common.cache.LocalCache$LocalLoadingCache.get(LocalCache.java:4960)
	at de.julielab.jules.ae.genemapping.LuceneCandidateRetrieval.getCandidatesFromIndex(LuceneCandidateRetrieval.java:285)
	at de.julielab.jules.ae.genemapping.LuceneCandidateRetrieval.getCandidates(LuceneCandidateRetrieval.java:237)
	at de.julielab.jules.ae.genemapping.LuceneCandidateRetrieval.getCandidates(LuceneCandidateRetrieval.java:227)
	at de.julielab.jules.ae.genemapping.mappingcores.WeepingTreeMappingCore.map(WeepingTreeMappingCore.java:44)
	at de.julielab.jules.ae.genemapping.mappingcores.WeepingTreeMappingCore.map(WeepingTreeMappingCore.java:118)
	at de.julielab.jules.ae.genemapping.GeneMapping.map(GeneMapping.java:192)
	at de.julielab.jules.ae.genemapping.GeneMappingAnnotator.doMapping(GeneMappingAnnotator.java:207)
	at de.julielab.jules.ae.genemapping.GeneMappingAnnotator.process(GeneMappingAnnotator.java:195)
	at org.apache.uima.analysis_component.JCasAnnotator_ImplBase.process(JCasAnnotator_ImplBase.java:48)
	at org.apache.uima.analysis_engine.impl.PrimitiveAnalysisEngine_impl.callAnalysisComponentProcess(PrimitiveAnalysisEngine_impl.java:411)
	... 13 more
Caused by: org.apache.lucene.search.BooleanQuery$TooManyClauses: maxClauseCount is set to 1024
	at org.apache.lucene.search.BooleanQuery$Builder.add(BooleanQuery.java:114)
	at org.apache.lucene.search.BooleanQuery$Builder.add(BooleanQuery.java:127)
	at de.julielab.jules.ae.genemapping.QueryGenerator.makeDisjunctiveQuery(QueryGenerator.java:54)
	at de.julielab.jules.ae.genemapping.QueryGenerator.makeDisjunctionMaxQuery(QueryGenerator.java:79)
	at de.julielab.jules.ae.genemapping.LuceneCandidateRetrieval.getCandidatesFromIndexWithoutCache(LuceneCandidateRetrieval.java:297)
	at de.julielab.jules.ae.genemapping.LuceneCandidateRetrieval$1.load(LuceneCandidateRetrieval.java:150)
	at de.julielab.jules.ae.genemapping.LuceneCandidateRetrieval$1.load(LuceneCandidateRetrieval.java:147)
	at com.google.common.cache.LocalCache$LoadingValueReference.loadFuture(LocalCache.java:3529)
	at com.google.common.cache.LocalCache$Segment.loadSync(LocalCache.java:2278)
	at com.google.common.cache.LocalCache$Segment.lockedGetOrLoad(LocalCache.java:2155)
	at com.google.common.cache.LocalCache$Segment.get(LocalCache.java:2045)
	... 26 more

