Error happened on: Tue Oct 20 08:53:49 CEST 2020-------------- Failed Components -------------- 
1. Process
-------------- Stack Traces -------------- 
org.apache.uima.analysis_engine.AnalysisEngineProcessException
	at de.julielab.jcore.consumer.es.ElasticSearchConsumer.process(ElasticSearchConsumer.java:121)
	at org.apache.uima.analysis_component.JCasAnnotator_ImplBase.process(JCasAnnotator_ImplBase.java:48)
	at org.apache.uima.analysis_engine.impl.PrimitiveAnalysisEngine_impl.callAnalysisComponentProcess(PrimitiveAnalysisEngine_impl.java:411)
	at org.apache.uima.analysis_engine.impl.PrimitiveAnalysisEngine_impl.innerCall(PrimitiveAnalysisEngine_impl.java:329)
	at org.apache.uima.analysis_engine.impl.PrimitiveAnalysisEngine_impl.processAndOutputNewCASes(PrimitiveAnalysisEngine_impl.java:321)
	at org.apache.uima.analysis_engine.asb.impl.ASB_impl$AggregateCasIterator.processUntilNextOutputCas(ASB_impl.java:570)
	at org.apache.uima.analysis_engine.asb.impl.ASB_impl$AggregateCasIterator.<init>(ASB_impl.java:412)
	at org.apache.uima.analysis_engine.asb.impl.ASB_impl.process(ASB_impl.java:344)
	at org.apache.uima.analysis_engine.impl.AggregateAnalysisEngine_impl.processAndOutputNewCASes(AggregateAnalysisEngine_impl.java:271)
	at org.apache.uima.analysis_engine.asb.impl.ASB_impl$AggregateCasIterator.processUntilNextOutputCas(ASB_impl.java:570)
	at org.apache.uima.analysis_engine.asb.impl.ASB_impl$AggregateCasIterator.<init>(ASB_impl.java:412)
	at org.apache.uima.analysis_engine.asb.impl.ASB_impl.process(ASB_impl.java:344)
	at org.apache.uima.analysis_engine.impl.AggregateAnalysisEngine_impl.processAndOutputNewCASes(AggregateAnalysisEngine_impl.java:271)
	at org.apache.uima.analysis_engine.impl.AnalysisEngineImplBase.process(AnalysisEngineImplBase.java:269)
	at org.apache.uima.collection.impl.cpm.engine.ProcessingUnit.processNext(ProcessingUnit.java:902)
	at org.apache.uima.collection.impl.cpm.engine.ProcessingUnit.run(ProcessingUnit.java:575)
Caused by: org.apache.uima.analysis_engine.AnalysisEngineProcessException
	at de.julielab.jcore.consumer.es.AbstractCasToJsonConsumer.convertCasToDocuments(AbstractCasToJsonConsumer.java:174)
	at de.julielab.jcore.consumer.es.ElasticSearchConsumer.process(ElasticSearchConsumer.java:108)
	... 15 more
Caused by: java.lang.NullPointerException
	at de.julielab.gepi.indexing.RelationDocumentGenerator.createParagraphDocument(RelationDocumentGenerator.java:119)
	at de.julielab.gepi.indexing.RelationDocumentGenerator.createDocuments(RelationDocumentGenerator.java:67)
	at de.julielab.jcore.consumer.es.AbstractCasToJsonConsumer.convertCasToDocuments(AbstractCasToJsonConsumer.java:169)
	... 16 more

